{
  "stats": {
    "suites": 1,
    "tests": 1,
    "passes": 0,
    "pending": 0,
    "failures": 1,
    "start": "2025-02-17T22:49:48.503Z",
    "end": "2025-02-17T22:49:50.526Z",
    "duration": 2023,
    "testsRegistered": 1,
    "passPercent": 0,
    "pendingPercent": 0,
    "other": 0,
    "hasOther": false,
    "skipped": 0,
    "hasSkipped": false
  },
  "results": [
    {
      "uuid": "b7920624-2f8d-476a-8f9c-21569e93cd37",
      "title": "",
      "fullFile": "/Users/hahahlm/qa-engineer/test-api/irfanhalim-test-automation/test/reqres-in/createUsers.js",
      "file": "/test/reqres-in/createUsers.js",
      "beforeHooks": [],
      "afterHooks": [],
      "tests": [],
      "suites": [
        {
          "uuid": "1d3f876e-ffc4-4566-ad86-2da57d40d89b",
          "title": "CREATE USERS",
          "fullFile": "/Users/hahahlm/qa-engineer/test-api/irfanhalim-test-automation/test/reqres-in/createUsers.js",
          "file": "/test/reqres-in/createUsers.js",
          "beforeHooks": [],
          "afterHooks": [],
          "tests": [
            {
              "title": "should create a user",
              "fullTitle": "CREATE USERS should create a user",
              "timedOut": true,
              "duration": 2018,
              "state": "failed",
              "speed": null,
              "pass": false,
              "fail": true,
              "pending": false,
              "context": null,
              "code": "const url = 'https://reqres.in/api/users';\nconst payload = {\n    \"name\": \"morpheus\",\n    \"job\": \"leader\"\n}\nconst response = await fetch(url, {\n    method: 'POST',\n    headers: {\n        'Content-Type': 'application/json'\n    },\n    body: JSON.stringify(payload)\n});\nconst data = await response.json();\nconsole.log(\"Response: \" + JSON.stringify(data));",
              "err": {
                "message": "Error: Timeout of 2000ms exceeded. For async tests and hooks, ensure \"done()\" is called; if returning a Promise, ensure it resolves. (/Users/hahahlm/qa-engineer/test-api/irfanhalim-test-automation/test/reqres-in/createUsers.js)",
                "estack": "Error: Timeout of 2000ms exceeded. For async tests and hooks, ensure \"done()\" is called; if returning a Promise, ensure it resolves. (/Users/hahahlm/qa-engineer/test-api/irfanhalim-test-automation/test/reqres-in/createUsers.js)\n    at listOnTimeout (node:internal/timers:569:17)\n    at process.processTimers (node:internal/timers:512:7)",
                "diff": null
              },
              "uuid": "af81bbcb-2627-4bd3-a149-bd7fceff3369",
              "parentUUID": "1d3f876e-ffc4-4566-ad86-2da57d40d89b",
              "isHook": false,
              "skipped": false
            }
          ],
          "suites": [],
          "passes": [],
          "failures": [
            "af81bbcb-2627-4bd3-a149-bd7fceff3369"
          ],
          "pending": [],
          "skipped": [],
          "duration": 2018,
          "root": false,
          "rootEmpty": false,
          "_timeout": 2000
        }
      ],
      "passes": [],
      "failures": [],
      "pending": [],
      "skipped": [],
      "duration": 0,
      "root": true,
      "rootEmpty": true,
      "_timeout": 2000
    }
  ],
  "meta": {
    "mocha": {
      "version": "11.1.0"
    },
    "mochawesome": {
      "options": {
        "quiet": false,
        "reportFilename": "mochawesome",
        "saveHtml": true,
        "saveJson": true,
        "consoleReporter": "spec",
        "useInlineDiffs": false,
        "code": true
      },
      "version": "7.1.3"
    },
    "marge": {
      "options": null,
      "version": "6.2.0"
    }
  }
}